<?xml version="1.0" encoding="UTF-8"?>
<!-- Generated by org.testng.reporters.JUnitReportReporter -->
<testsuite hostname="LASAN" name="voa_functional.taxCalcTest" tests="2" failures="0" timestamp="5 Aug 2015 07:57:23 GMT" time="14.764" errors="0">
  <testcase name="CalcTax" time="10.920" classname="voa_functional.taxCalcTest"/>
  <testcase name="CalcTax" time="3.844" classname="voa_functional.taxCalcTest"/>
</testsuite> <!-- voa_functional.taxCalcTest -->
